<?xml version="1.0" encoding="UTF-8" standalone="no"?>
<testsuite failures="2" name="cucumber.runtime.formatter.JUnitFormatter" skipped="0" tests="2" time="5.194687">
<testcase classname="Employees" name="Add Employee" time="3.629964">
<failure message="org.openqa.selenium.SessionNotCreatedException: session not created: This version of ChromeDriver only supports Chrome version 75&#10;Build info: version: '3.12.0', revision: '7c6e0b3', time: '2018-05-08T14:04:26.12Z'&#10;System info: host: 'Weqass-MBP.home', ip: 'fe80:0:0:0:182d:b6ba:990a:d8c1%en0', os.name: 'Mac OS X', os.arch: 'x86_64', os.version: '10.14.6', java.version: '1.8.0_191'&#10;Driver info: driver.version: ChromeDriver&#10;remote stacktrace: 0   chromedriver                        0x000000010c5db319 chromedriver + 3597081&#10;1   chromedriver                        0x000000010c56af73 chromedriver + 3137395&#10;2   chromedriver                        0x000000010c316c7f chromedriver + 695423&#10;3   chromedriver                        0x000000010c284a6b chromedriver + 96875&#10;4   chromedriver                        0x000000010c280b18 chromedriver + 80664&#10;5   chromedriver                        0x000000010c2ad139 chromedriver + 262457&#10;6   chromedriver                        0x000000010c2aa753 chromedriver + 251731&#10;7   chromedriver                        0x000000010c286aea chromedriver + 105194&#10;8   chromedriver                        0x000000010c287b45 chromedriver + 109381&#10;9   chromedriver                        0x000000010c599f85 chromedriver + 3329925&#10;10  chromedriver                        0x000000010c5a5890 chromedriver + 3377296&#10;11  chromedriver                        0x000000010c5a5628 chromedriver + 3376680&#10;12  chromedriver                        0x000000010c579769 chromedriver + 3196777&#10;13  chromedriver                        0x000000010c5a6108 chromedriver + 3379464&#10;14  chromedriver                        0x000000010c58d957 chromedriver + 3279191&#10;15  chromedriver                        0x000000010c5c2a94 chromedriver + 3496596&#10;16  chromedriver                        0x000000010c5e1047 chromedriver + 3620935&#10;17  libsystem_pthread.dylib             0x00007fff6585c2eb _pthread_body + 126&#10;18  libsystem_pthread.dylib             0x00007fff6585f249 _pthread_start + 66&#10;19  libsystem_pthread.dylib             0x00007fff6585b40d thread_start + 13&#10;&#10;&#9;at sun.reflect.NativeConstructorAccessorImpl.newInstance0(Native Method)&#10;&#9;at sun.reflect.NativeConstructorAccessorImpl.newInstance(NativeConstructorAccessorImpl.java:62)&#10;&#9;at sun.reflect.DelegatingConstructorAccessorImpl.newInstance(DelegatingConstructorAccessorImpl.java:45)&#10;&#9;at java.lang.reflect.Constructor.newInstance(Constructor.java:423)&#10;&#9;at org.openqa.selenium.remote.W3CHandshakeResponse.lambda$new$0(W3CHandshakeResponse.java:57)&#10;&#9;at org.openqa.selenium.remote.W3CHandshakeResponse.lambda$getResponseFunction$2(W3CHandshakeResponse.java:104)&#10;&#9;at org.openqa.selenium.remote.ProtocolHandshake.lambda$createSession$0(ProtocolHandshake.java:123)&#10;&#9;at java.util.stream.ReferencePipeline$3$1.accept(ReferencePipeline.java:193)&#10;&#9;at java.util.Spliterators$ArraySpliterator.tryAdvance(Spliterators.java:958)&#10;&#9;at java.util.stream.ReferencePipeline.forEachWithCancel(ReferencePipeline.java:126)&#10;&#9;at java.util.stream.AbstractPipeline.copyIntoWithCancel(AbstractPipeline.java:498)&#10;&#9;at java.util.stream.AbstractPipeline.copyInto(AbstractPipeline.java:485)&#10;&#9;at java.util.stream.AbstractPipeline.wrapAndCopyInto(AbstractPipeline.java:471)&#10;&#9;at java.util.stream.FindOps$FindOp.evaluateSequential(FindOps.java:152)&#10;&#9;at java.util.stream.AbstractPipeline.evaluate(AbstractPipeline.java:234)&#10;&#9;at java.util.stream.ReferencePipeline.findFirst(ReferencePipeline.java:464)&#10;&#9;at org.openqa.selenium.remote.ProtocolHandshake.createSession(ProtocolHandshake.java:126)&#10;&#9;at org.openqa.selenium.remote.ProtocolHandshake.createSession(ProtocolHandshake.java:73)&#10;&#9;at org.openqa.selenium.remote.HttpCommandExecutor.execute(HttpCommandExecutor.java:136)&#10;&#9;at org.openqa.selenium.remote.service.DriverCommandExecutor.execute(DriverCommandExecutor.java:83)&#10;&#9;at org.openqa.selenium.remote.RemoteWebDriver.execute(RemoteWebDriver.java:543)&#10;&#9;at org.openqa.selenium.remote.RemoteWebDriver.startSession(RemoteWebDriver.java:207)&#10;&#9;at org.openqa.selenium.remote.RemoteWebDriver.&lt;init&gt;(RemoteWebDriver.java:130)&#10;&#9;at org.openqa.selenium.chrome.ChromeDriver.&lt;init&gt;(ChromeDriver.java:181)&#10;&#9;at org.openqa.selenium.chrome.ChromeDriver.&lt;init&gt;(ChromeDriver.java:168)&#10;&#9;at org.openqa.selenium.chrome.ChromeDriver.&lt;init&gt;(ChromeDriver.java:123)&#10;&#9;at com.utils.BaseClass.browsers(BaseClass.java:24)&#10;&#9;at com.stepDefinitions.DashBoardSteps.i_have_logged_into_OrangeHRM(DashBoardSteps.java:25)&#10;&#9;at ✽.I have logged into OrangeHRM(src/test/resources/features/Employees.feature:5)&#10;"><![CDATA[Given I have logged into OrangeHRM..........................................failed
And I navigated to the Add Employee Page....................................skipped
When I provide "waqem" and "u" and "haq"....................................skipped
Then I successfully added an employee.......................................skipped

StackTrace:
org.openqa.selenium.SessionNotCreatedException: session not created: This version of ChromeDriver only supports Chrome version 75
Build info: version: '3.12.0', revision: '7c6e0b3', time: '2018-05-08T14:04:26.12Z'
System info: host: 'Weqass-MBP.home', ip: 'fe80:0:0:0:182d:b6ba:990a:d8c1%en0', os.name: 'Mac OS X', os.arch: 'x86_64', os.version: '10.14.6', java.version: '1.8.0_191'
Driver info: driver.version: ChromeDriver
remote stacktrace: 0   chromedriver                        0x000000010c5db319 chromedriver + 3597081
1   chromedriver                        0x000000010c56af73 chromedriver + 3137395
2   chromedriver                        0x000000010c316c7f chromedriver + 695423
3   chromedriver                        0x000000010c284a6b chromedriver + 96875
4   chromedriver                        0x000000010c280b18 chromedriver + 80664
5   chromedriver                        0x000000010c2ad139 chromedriver + 262457
6   chromedriver                        0x000000010c2aa753 chromedriver + 251731
7   chromedriver                        0x000000010c286aea chromedriver + 105194
8   chromedriver                        0x000000010c287b45 chromedriver + 109381
9   chromedriver                        0x000000010c599f85 chromedriver + 3329925
10  chromedriver                        0x000000010c5a5890 chromedriver + 3377296
11  chromedriver                        0x000000010c5a5628 chromedriver + 3376680
12  chromedriver                        0x000000010c579769 chromedriver + 3196777
13  chromedriver                        0x000000010c5a6108 chromedriver + 3379464
14  chromedriver                        0x000000010c58d957 chromedriver + 3279191
15  chromedriver                        0x000000010c5c2a94 chromedriver + 3496596
16  chromedriver                        0x000000010c5e1047 chromedriver + 3620935
17  libsystem_pthread.dylib             0x00007fff6585c2eb _pthread_body + 126
18  libsystem_pthread.dylib             0x00007fff6585f249 _pthread_start + 66
19  libsystem_pthread.dylib             0x00007fff6585b40d thread_start + 13

	at sun.reflect.NativeConstructorAccessorImpl.newInstance0(Native Method)
	at sun.reflect.NativeConstructorAccessorImpl.newInstance(NativeConstructorAccessorImpl.java:62)
	at sun.reflect.DelegatingConstructorAccessorImpl.newInstance(DelegatingConstructorAccessorImpl.java:45)
	at java.lang.reflect.Constructor.newInstance(Constructor.java:423)
	at org.openqa.selenium.remote.W3CHandshakeResponse.lambda$new$0(W3CHandshakeResponse.java:57)
	at org.openqa.selenium.remote.W3CHandshakeResponse.lambda$getResponseFunction$2(W3CHandshakeResponse.java:104)
	at org.openqa.selenium.remote.ProtocolHandshake.lambda$createSession$0(ProtocolHandshake.java:123)
	at java.util.stream.ReferencePipeline$3$1.accept(ReferencePipeline.java:193)
	at java.util.Spliterators$ArraySpliterator.tryAdvance(Spliterators.java:958)
	at java.util.stream.ReferencePipeline.forEachWithCancel(ReferencePipeline.java:126)
	at java.util.stream.AbstractPipeline.copyIntoWithCancel(AbstractPipeline.java:498)
	at java.util.stream.AbstractPipeline.copyInto(AbstractPipeline.java:485)
	at java.util.stream.AbstractPipeline.wrapAndCopyInto(AbstractPipeline.java:471)
	at java.util.stream.FindOps$FindOp.evaluateSequential(FindOps.java:152)
	at java.util.stream.AbstractPipeline.evaluate(AbstractPipeline.java:234)
	at java.util.stream.ReferencePipeline.findFirst(ReferencePipeline.java:464)
	at org.openqa.selenium.remote.ProtocolHandshake.createSession(ProtocolHandshake.java:126)
	at org.openqa.selenium.remote.ProtocolHandshake.createSession(ProtocolHandshake.java:73)
	at org.openqa.selenium.remote.HttpCommandExecutor.execute(HttpCommandExecutor.java:136)
	at org.openqa.selenium.remote.service.DriverCommandExecutor.execute(DriverCommandExecutor.java:83)
	at org.openqa.selenium.remote.RemoteWebDriver.execute(RemoteWebDriver.java:543)
	at org.openqa.selenium.remote.RemoteWebDriver.startSession(RemoteWebDriver.java:207)
	at org.openqa.selenium.remote.RemoteWebDriver.<init>(RemoteWebDriver.java:130)
	at org.openqa.selenium.chrome.ChromeDriver.<init>(ChromeDriver.java:181)
	at org.openqa.selenium.chrome.ChromeDriver.<init>(ChromeDriver.java:168)
	at org.openqa.selenium.chrome.ChromeDriver.<init>(ChromeDriver.java:123)
	at com.utils.BaseClass.browsers(BaseClass.java:24)
	at com.stepDefinitions.DashBoardSteps.i_have_logged_into_OrangeHRM(DashBoardSteps.java:25)
	at ✽.I have logged into OrangeHRM(src/test/resources/features/Employees.feature:5)
]]></failure>
</testcase>
<testcase classname="Employees" name="Add Employee 2" time="1.564723">
<failure message="org.openqa.selenium.SessionNotCreatedException: session not created: This version of ChromeDriver only supports Chrome version 75&#10;Build info: version: '3.12.0', revision: '7c6e0b3', time: '2018-05-08T14:04:26.12Z'&#10;System info: host: 'Weqass-MBP.home', ip: 'fe80:0:0:0:182d:b6ba:990a:d8c1%en0', os.name: 'Mac OS X', os.arch: 'x86_64', os.version: '10.14.6', java.version: '1.8.0_191'&#10;Driver info: driver.version: ChromeDriver&#10;remote stacktrace: 0   chromedriver                        0x0000000105c26319 chromedriver + 3597081&#10;1   chromedriver                        0x0000000105bb5f73 chromedriver + 3137395&#10;2   chromedriver                        0x0000000105961c7f chromedriver + 695423&#10;3   chromedriver                        0x00000001058cfa6b chromedriver + 96875&#10;4   chromedriver                        0x00000001058cbb18 chromedriver + 80664&#10;5   chromedriver                        0x00000001058f8139 chromedriver + 262457&#10;6   chromedriver                        0x00000001058f5753 chromedriver + 251731&#10;7   chromedriver                        0x00000001058d1aea chromedriver + 105194&#10;8   chromedriver                        0x00000001058d2b45 chromedriver + 109381&#10;9   chromedriver                        0x0000000105be4f85 chromedriver + 3329925&#10;10  chromedriver                        0x0000000105bf0890 chromedriver + 3377296&#10;11  chromedriver                        0x0000000105bf0628 chromedriver + 3376680&#10;12  chromedriver                        0x0000000105bc4769 chromedriver + 3196777&#10;13  chromedriver                        0x0000000105bf1108 chromedriver + 3379464&#10;14  chromedriver                        0x0000000105bd8957 chromedriver + 3279191&#10;15  chromedriver                        0x0000000105c0da94 chromedriver + 3496596&#10;16  chromedriver                        0x0000000105c2c047 chromedriver + 3620935&#10;17  libsystem_pthread.dylib             0x00007fff6585c2eb _pthread_body + 126&#10;18  libsystem_pthread.dylib             0x00007fff6585f249 _pthread_start + 66&#10;19  libsystem_pthread.dylib             0x00007fff6585b40d thread_start + 13&#10;&#10;&#9;at sun.reflect.NativeConstructorAccessorImpl.newInstance0(Native Method)&#10;&#9;at sun.reflect.NativeConstructorAccessorImpl.newInstance(NativeConstructorAccessorImpl.java:62)&#10;&#9;at sun.reflect.DelegatingConstructorAccessorImpl.newInstance(DelegatingConstructorAccessorImpl.java:45)&#10;&#9;at java.lang.reflect.Constructor.newInstance(Constructor.java:423)&#10;&#9;at org.openqa.selenium.remote.W3CHandshakeResponse.lambda$new$0(W3CHandshakeResponse.java:57)&#10;&#9;at org.openqa.selenium.remote.W3CHandshakeResponse.lambda$getResponseFunction$2(W3CHandshakeResponse.java:104)&#10;&#9;at org.openqa.selenium.remote.ProtocolHandshake.lambda$createSession$0(ProtocolHandshake.java:123)&#10;&#9;at java.util.stream.ReferencePipeline$3$1.accept(ReferencePipeline.java:193)&#10;&#9;at java.util.Spliterators$ArraySpliterator.tryAdvance(Spliterators.java:958)&#10;&#9;at java.util.stream.ReferencePipeline.forEachWithCancel(ReferencePipeline.java:126)&#10;&#9;at java.util.stream.AbstractPipeline.copyIntoWithCancel(AbstractPipeline.java:498)&#10;&#9;at java.util.stream.AbstractPipeline.copyInto(AbstractPipeline.java:485)&#10;&#9;at java.util.stream.AbstractPipeline.wrapAndCopyInto(AbstractPipeline.java:471)&#10;&#9;at java.util.stream.FindOps$FindOp.evaluateSequential(FindOps.java:152)&#10;&#9;at java.util.stream.AbstractPipeline.evaluate(AbstractPipeline.java:234)&#10;&#9;at java.util.stream.ReferencePipeline.findFirst(ReferencePipeline.java:464)&#10;&#9;at org.openqa.selenium.remote.ProtocolHandshake.createSession(ProtocolHandshake.java:126)&#10;&#9;at org.openqa.selenium.remote.ProtocolHandshake.createSession(ProtocolHandshake.java:73)&#10;&#9;at org.openqa.selenium.remote.HttpCommandExecutor.execute(HttpCommandExecutor.java:136)&#10;&#9;at org.openqa.selenium.remote.service.DriverCommandExecutor.execute(DriverCommandExecutor.java:83)&#10;&#9;at org.openqa.selenium.remote.RemoteWebDriver.execute(RemoteWebDriver.java:543)&#10;&#9;at org.openqa.selenium.remote.RemoteWebDriver.startSession(RemoteWebDriver.java:207)&#10;&#9;at org.openqa.selenium.remote.RemoteWebDriver.&lt;init&gt;(RemoteWebDriver.java:130)&#10;&#9;at org.openqa.selenium.chrome.ChromeDriver.&lt;init&gt;(ChromeDriver.java:181)&#10;&#9;at org.openqa.selenium.chrome.ChromeDriver.&lt;init&gt;(ChromeDriver.java:168)&#10;&#9;at org.openqa.selenium.chrome.ChromeDriver.&lt;init&gt;(ChromeDriver.java:123)&#10;&#9;at com.utils.BaseClass.browsers(BaseClass.java:24)&#10;&#9;at com.stepDefinitions.DashBoardSteps.i_have_logged_into_OrangeHRM(DashBoardSteps.java:25)&#10;&#9;at ✽.I have logged into OrangeHRM(src/test/resources/features/Employees.feature:5)&#10;"><![CDATA[Given I have logged into OrangeHRM..........................................failed
And I navigated to the Add Employee Page....................................skipped
When I provide "joe" and "joe" and "star"...................................skipped
Then I successfully added an employee.......................................skipped

StackTrace:
org.openqa.selenium.SessionNotCreatedException: session not created: This version of ChromeDriver only supports Chrome version 75
Build info: version: '3.12.0', revision: '7c6e0b3', time: '2018-05-08T14:04:26.12Z'
System info: host: 'Weqass-MBP.home', ip: 'fe80:0:0:0:182d:b6ba:990a:d8c1%en0', os.name: 'Mac OS X', os.arch: 'x86_64', os.version: '10.14.6', java.version: '1.8.0_191'
Driver info: driver.version: ChromeDriver
remote stacktrace: 0   chromedriver                        0x0000000105c26319 chromedriver + 3597081
1   chromedriver                        0x0000000105bb5f73 chromedriver + 3137395
2   chromedriver                        0x0000000105961c7f chromedriver + 695423
3   chromedriver                        0x00000001058cfa6b chromedriver + 96875
4   chromedriver                        0x00000001058cbb18 chromedriver + 80664
5   chromedriver                        0x00000001058f8139 chromedriver + 262457
6   chromedriver                        0x00000001058f5753 chromedriver + 251731
7   chromedriver                        0x00000001058d1aea chromedriver + 105194
8   chromedriver                        0x00000001058d2b45 chromedriver + 109381
9   chromedriver                        0x0000000105be4f85 chromedriver + 3329925
10  chromedriver                        0x0000000105bf0890 chromedriver + 3377296
11  chromedriver                        0x0000000105bf0628 chromedriver + 3376680
12  chromedriver                        0x0000000105bc4769 chromedriver + 3196777
13  chromedriver                        0x0000000105bf1108 chromedriver + 3379464
14  chromedriver                        0x0000000105bd8957 chromedriver + 3279191
15  chromedriver                        0x0000000105c0da94 chromedriver + 3496596
16  chromedriver                        0x0000000105c2c047 chromedriver + 3620935
17  libsystem_pthread.dylib             0x00007fff6585c2eb _pthread_body + 126
18  libsystem_pthread.dylib             0x00007fff6585f249 _pthread_start + 66
19  libsystem_pthread.dylib             0x00007fff6585b40d thread_start + 13

	at sun.reflect.NativeConstructorAccessorImpl.newInstance0(Native Method)
	at sun.reflect.NativeConstructorAccessorImpl.newInstance(NativeConstructorAccessorImpl.java:62)
	at sun.reflect.DelegatingConstructorAccessorImpl.newInstance(DelegatingConstructorAccessorImpl.java:45)
	at java.lang.reflect.Constructor.newInstance(Constructor.java:423)
	at org.openqa.selenium.remote.W3CHandshakeResponse.lambda$new$0(W3CHandshakeResponse.java:57)
	at org.openqa.selenium.remote.W3CHandshakeResponse.lambda$getResponseFunction$2(W3CHandshakeResponse.java:104)
	at org.openqa.selenium.remote.ProtocolHandshake.lambda$createSession$0(ProtocolHandshake.java:123)
	at java.util.stream.ReferencePipeline$3$1.accept(ReferencePipeline.java:193)
	at java.util.Spliterators$ArraySpliterator.tryAdvance(Spliterators.java:958)
	at java.util.stream.ReferencePipeline.forEachWithCancel(ReferencePipeline.java:126)
	at java.util.stream.AbstractPipeline.copyIntoWithCancel(AbstractPipeline.java:498)
	at java.util.stream.AbstractPipeline.copyInto(AbstractPipeline.java:485)
	at java.util.stream.AbstractPipeline.wrapAndCopyInto(AbstractPipeline.java:471)
	at java.util.stream.FindOps$FindOp.evaluateSequential(FindOps.java:152)
	at java.util.stream.AbstractPipeline.evaluate(AbstractPipeline.java:234)
	at java.util.stream.ReferencePipeline.findFirst(ReferencePipeline.java:464)
	at org.openqa.selenium.remote.ProtocolHandshake.createSession(ProtocolHandshake.java:126)
	at org.openqa.selenium.remote.ProtocolHandshake.createSession(ProtocolHandshake.java:73)
	at org.openqa.selenium.remote.HttpCommandExecutor.execute(HttpCommandExecutor.java:136)
	at org.openqa.selenium.remote.service.DriverCommandExecutor.execute(DriverCommandExecutor.java:83)
	at org.openqa.selenium.remote.RemoteWebDriver.execute(RemoteWebDriver.java:543)
	at org.openqa.selenium.remote.RemoteWebDriver.startSession(RemoteWebDriver.java:207)
	at org.openqa.selenium.remote.RemoteWebDriver.<init>(RemoteWebDriver.java:130)
	at org.openqa.selenium.chrome.ChromeDriver.<init>(ChromeDriver.java:181)
	at org.openqa.selenium.chrome.ChromeDriver.<init>(ChromeDriver.java:168)
	at org.openqa.selenium.chrome.ChromeDriver.<init>(ChromeDriver.java:123)
	at com.utils.BaseClass.browsers(BaseClass.java:24)
	at com.stepDefinitions.DashBoardSteps.i_have_logged_into_OrangeHRM(DashBoardSteps.java:25)
	at ✽.I have logged into OrangeHRM(src/test/resources/features/Employees.feature:5)
]]></failure>
</testcase>
</testsuite>
